<?xml version="1.0" encoding="UTF-8"?>
<!-- Generated by org.testng.reporters.JUnitReportReporter -->
<testsuite hostname="LAPTOP-MNF6UL3R" failures="0" tests="3" name="testNGAnnotation_Flags.Flag5" time="0.017" errors="0" timestamp="2023-09-20T14:33:59 IST" skipped="0">
  <testcase classname="testNGAnnotation_Flags.Flag5" name="loginMethod" time="0.012"/>
  <testcase classname="testNGAnnotation_Flags.Flag5" name="logoutMethod" time="0.003"/>
  <testcase classname="testNGAnnotation_Flags.Flag5" name="createUserMethod" time="0.002"/>
</testsuite> <!-- testNGAnnotation_Flags.Flag5 -->
