<?xml version="1.0" encoding="UTF-8"?>
<!-- Generated by org.testng.reporters.JUnitReportReporter -->
<testsuite hostname="LAPTOP-MNF6UL3R" failures="0" tests="9" name="testNGAnnotation_Flags.Flag4" time="0.027" errors="0" timestamp="2023-09-20T14:10:23 IST" skipped="0">
  <testcase classname="testNGAnnotation_Flags.Flag4" name="f" time="0.011"/>
  <testcase classname="testNGAnnotation_Flags.Flag4" name="z" time="0.002"/>
  <testcase classname="testNGAnnotation_Flags.Flag4" name="g" time="0.002"/>
  <testcase classname="testNGAnnotation_Flags.Flag4" name="q" time="0.003"/>
  <testcase classname="testNGAnnotation_Flags.Flag4" name="i" time="0.001"/>
  <testcase classname="testNGAnnotation_Flags.Flag4" name="r" time="0.002"/>
  <testcase classname="testNGAnnotation_Flags.Flag4" name="h" time="0.002"/>
  <testcase classname="testNGAnnotation_Flags.Flag4" name="a" time="0.002"/>
  <testcase classname="testNGAnnotation_Flags.Flag4" name="w" time="0.002"/>
</testsuite> <!-- testNGAnnotation_Flags.Flag4 -->
