<?xml version="1.0" encoding="UTF-8"?>
<!-- Generated by org.testng.reporters.JUnitReportReporter -->
<testsuite hostname="LAPTOP-MNF6UL3R" failures="0" tests="1" name="testNGExecution.SerachJava" time="8.789" errors="0" timestamp="2023-09-16T21:35:19 IST" skipped="0">
  <testcase classname="testNGExecution.SerachJava" name="java_serach_in_chrome" time="8.789">
    <system-out>
      <![CDATA[java]]>
    </system-out>
  </testcase> <!-- java_serach_in_chrome -->
  <system-out>
    <![CDATA[java]]>
  </system-out>
</testsuite> <!-- testNGExecution.SerachJava -->
