<?xml version="1.0" encoding="UTF-8"?>
<!-- Generated by org.testng.reporters.JUnitReportReporter -->
<testsuite hostname="LAPTOP-MNF6UL3R" failures="0" tests="2" name="testNGExecution.TestNGClass3" time="0.014" errors="0" timestamp="2023-09-16T21:40:12 IST" skipped="0">
  <testcase classname="testNGExecution.TestNGClass3" name="method5" time="0.012">
    <system-out>
      <![CDATA[TestNGClass3 : Method5]]>
    </system-out>
  </testcase> <!-- method5 -->
  <testcase classname="testNGExecution.TestNGClass3" name="method6" time="0.002">
    <system-out>
      <![CDATA[TestNGClass3 : Method6]]>
    </system-out>
  </testcase> <!-- method6 -->
  <system-out>
    <![CDATA[TestNGClass3 : Method5
TestNGClass3 : Method6]]>
  </system-out>
</testsuite> <!-- testNGExecution.TestNGClass3 -->
