<?xml version="1.0" encoding="UTF-8"?>
<!-- Generated by org.testng.reporters.JUnitReportReporter -->
<testsuite hostname="LAPTOP-MNF6UL3R" failures="0" tests="2" name="testNGExecution.TestNGClass2" time="0.016" errors="0" timestamp="2023-09-16T21:40:30 IST" skipped="0">
  <testcase classname="testNGExecution.TestNGClass2" name="method3" time="0.014">
    <system-out>
      <![CDATA[TestNGClass2 : Method3]]>
    </system-out>
  </testcase> <!-- method3 -->
  <testcase classname="testNGExecution.TestNGClass2" name="method4" time="0.002">
    <system-out>
      <![CDATA[TestNGClass2 : Method4]]>
    </system-out>
  </testcase> <!-- method4 -->
  <system-out>
    <![CDATA[TestNGClass2 : Method3
TestNGClass2 : Method4]]>
  </system-out>
</testsuite> <!-- testNGExecution.TestNGClass2 -->
