<?xml version="1.0" encoding="UTF-8"?>
<!-- Generated by org.testng.reporters.JUnitReportReporter -->
<testsuite hostname="LAPTOP-MNF6UL3R" failures="0" tests="1" name="testNG.Demo" time="0.016" errors="0" timestamp="2023-09-15T14:37:25 IST" skipped="0">
  <testcase classname="testNG.Demo" name="method1" time="0.016">
    <system-out>
      <![CDATA[Method1]]>
    </system-out>
  </testcase> <!-- method1 -->
  <system-out>
    <![CDATA[Method1]]>
  </system-out>
</testsuite> <!-- testNG.Demo -->
